<?xml version="1.0" encoding="UTF-8"?>
<!-- Generated by org.testng.reporters.JUnitXMLReporter -->
<testsuite ignored="0" hostname="DESKTOP-IGOEO69" failures="0" tests="6" name="Default test" time="37.947" errors="0" timestamp="2024-04-14T18:40:04 IST">
  <testcase classname="com.learner.pages.TestClass" name="validate" time="3.255"/>
  <testcase classname="com.learner.pages.TestClass" name="invalidform" time="10.589"/>
  <testcase classname="com.learner.pages.TestClass" name="learnerform" time="7.014"/>
  <testcase classname="com.learner.pages.TestClass" name="uploadfile" time="3.39"/>
  <testcase classname="com.learner.pages.TestClass" name="pofficerlogin" time="3.172"/>
  <testcase classname="com.learner.pages.TestClass" name="update" time="3.386"/>
</testsuite> <!-- Default test -->
